2017-06-04 08:59:29,727 - __main__ - INFO - 开始载入句子库
2017-06-04 08:59:29,727 - __main__ - INFO - 开始载入词向量
2017-06-04 09:00:28,964 - DL.maxSim - INFO - 开始载入句子库
2017-06-04 09:00:28,975 - DL.maxSim - INFO - 开始载入词向量
2017-06-04 09:02:06,424 - DL.maxSim - INFO - 开始载入句子库
2017-06-04 09:02:06,434 - DL.maxSim - INFO - 开始载入词向量
2017-06-04 09:03:26,513 - DL.maxSim - INFO - 开始载入句子库
2017-06-04 09:03:26,513 - DL.maxSim - INFO - 开始载入词向量
2017-06-04 09:03:26,515 - DL.maxSim - INFO - 链接库中的句子分词处理
2017-06-04 09:03:28,294 - DL.maxSim - INFO - 句子库载入完毕
2017-06-04 09:04:56,857 - DL.maxSim - INFO - 开始载入句子库
2017-06-04 09:04:56,880 - DL.maxSim - INFO - 开始载入词向量
2017-06-04 09:04:56,900 - DL.maxSim - INFO - 链接库中的句子分词处理
2017-06-04 09:04:58,710 - DL.maxSim - INFO - 句子库载入完毕
2017-06-04 09:09:49,199 - DL.maxSim - INFO - 开始载入句子库
2017-06-04 09:09:49,224 - DL.maxSim - INFO - 开始载入词向量
2017-06-04 09:09:49,226 - DL.maxSim - INFO - 链接库中的句子分词处理
2017-06-04 09:09:50,217 - DL.maxSim - INFO - 句子库载入完毕
2017-06-04 09:11:47,173 - DL.maxSim - INFO - 开始载入句子库
2017-06-04 09:11:47,174 - DL.maxSim - INFO - 开始载入词向量
2017-06-04 09:11:47,174 - DL.maxSim - INFO - 链接库中的句子分词处理
2017-06-04 09:11:48,043 - DL.maxSim - INFO - 句子库载入完毕
2017-06-04 09:15:54,715 - DL.maxSim - INFO - 开始载入句子库
2017-06-04 09:15:54,715 - DL.maxSim - INFO - 开始载入词向量
2017-06-04 09:15:54,715 - DL.maxSim - INFO - 链接库中的句子分词处理
2017-06-04 09:15:55,573 - DL.maxSim - INFO - 句子库载入完毕
2017-06-04 09:23:34,339 - DL.maxSim - INFO - 开始载入句子库
2017-06-04 09:23:34,339 - DL.maxSim - INFO - 开始载入词向量
2017-06-04 09:23:34,339 - DL.maxSim - INFO - 链接库中的句子分词处理
2017-06-04 09:23:35,141 - DL.maxSim - INFO - 句子库载入完毕
2017-06-04 09:27:27,187 - DL.maxSim - INFO - 开始载入句子库
2017-06-04 09:27:27,188 - DL.maxSim - INFO - 开始载入词向量
2017-06-04 09:27:27,188 - DL.maxSim - INFO - 链接库中的句子分词处理
2017-06-04 09:27:28,045 - DL.maxSim - INFO - 句子库载入完毕
2017-06-04 09:29:47,159 - DL.maxSim - INFO - 开始载入句子库
2017-06-04 09:29:47,159 - DL.maxSim - INFO - 开始载入词向量
2017-06-04 09:29:47,159 - DL.maxSim - INFO - 链接库中的句子分词处理
2017-06-04 09:29:47,965 - DL.maxSim - INFO - 句子库载入完毕
2017-06-04 09:32:07,780 - DL.maxSim - INFO - 开始载入句子库
2017-06-04 09:32:07,780 - DL.maxSim - INFO - 开始载入词向量
2017-06-04 09:32:07,780 - DL.maxSim - INFO - 链接库中的句子分词处理
2017-06-04 09:32:08,681 - DL.maxSim - INFO - 句子库载入完毕
2017-06-04 09:33:04,170 - DL.maxSim - INFO - 开始载入句子库
2017-06-04 09:33:04,170 - DL.maxSim - INFO - 开始载入词向量
2017-06-04 09:33:04,170 - DL.maxSim - INFO - 链接库中的句子分词处理
2017-06-04 09:33:05,006 - DL.maxSim - INFO - 句子库载入完毕
2017-06-04 09:35:15,473 - DL.maxSim - INFO - 开始载入句子库
2017-06-04 09:35:15,474 - DL.maxSim - INFO - 开始载入词向量
2017-06-04 09:35:15,474 - DL.maxSim - INFO - 链接库中的句子分词处理
2017-06-04 09:35:16,333 - DL.maxSim - INFO - 句子库载入完毕
2017-06-04 09:35:49,055 - DL.maxSim - INFO - 开始载入句子库
2017-06-04 09:35:49,055 - DL.maxSim - INFO - 开始载入词向量
2017-06-04 09:35:49,055 - DL.maxSim - INFO - 链接库中的句子分词处理
2017-06-04 09:35:49,913 - DL.maxSim - INFO - 句子库载入完毕
2017-06-04 09:38:32,142 - DL.maxSim - INFO - 开始载入句子库
2017-06-04 09:38:32,162 - DL.maxSim - INFO - 开始载入词向量
2017-06-04 09:38:32,162 - DL.maxSim - INFO - 链接库中的句子分词处理
2017-06-04 09:38:33,009 - DL.maxSim - INFO - 句子库载入完毕
2017-06-04 09:40:24,632 - DL.maxSim - INFO - 开始载入句子库
2017-06-04 09:40:24,632 - DL.maxSim - INFO - 开始载入词向量
2017-06-04 09:40:24,632 - DL.maxSim - INFO - 链接库中的句子分词处理
2017-06-04 09:40:25,484 - DL.maxSim - INFO - 句子库载入完毕
2017-06-04 09:42:21,200 - DL.maxSim - INFO - 开始载入句子库
2017-06-04 09:42:21,200 - DL.maxSim - INFO - 开始载入词向量
2017-06-04 09:42:21,201 - DL.maxSim - INFO - 链接库中的句子分词处理
2017-06-04 09:42:22,047 - DL.maxSim - INFO - 句子库载入完毕
2017-06-04 09:43:00,496 - DL.maxSim - INFO - 开始载入句子库
2017-06-04 09:43:00,496 - DL.maxSim - INFO - 开始载入词向量
2017-06-04 09:43:00,496 - DL.maxSim - INFO - 链接库中的句子分词处理
2017-06-04 09:43:01,388 - DL.maxSim - INFO - 句子库载入完毕
2017-06-04 09:46:04,471 - DL.maxSim - INFO - 开始载入句子库
2017-06-04 09:46:04,471 - DL.maxSim - INFO - 开始载入词向量
2017-06-04 09:46:04,471 - DL.maxSim - INFO - 链接库中的句子分词处理
2017-06-04 09:46:05,345 - DL.maxSim - INFO - 句子库载入完毕
2017-06-04 09:46:31,166 - DL.maxSim - INFO - 开始载入句子库
2017-06-04 09:46:31,166 - DL.maxSim - INFO - 开始载入词向量
2017-06-04 09:46:31,167 - DL.maxSim - INFO - 链接库中的句子分词处理
2017-06-04 09:46:32,040 - DL.maxSim - INFO - 句子库载入完毕
2017-06-04 09:47:16,457 - DL.maxSim - INFO - 开始载入句子库
2017-06-04 09:47:16,457 - DL.maxSim - INFO - 开始载入词向量
2017-06-04 09:47:16,457 - DL.maxSim - INFO - 链接库中的句子分词处理
2017-06-04 09:47:17,339 - DL.maxSim - INFO - 句子库载入完毕
2017-06-04 09:52:46,031 - DL.maxSim - INFO - 开始载入句子库
2017-06-04 09:52:46,048 - DL.maxSim - INFO - 开始载入词向量
2017-06-04 09:52:46,067 - DL.maxSim - INFO - 链接库中的句子分词处理
2017-06-04 09:52:47,022 - DL.maxSim - INFO - 句子库载入完毕
2017-06-04 09:55:22,816 - DL.maxSim - INFO - 开始载入句子库
2017-06-04 09:55:22,816 - DL.maxSim - INFO - 开始载入词向量
2017-06-04 09:55:22,817 - DL.maxSim - INFO - 链接库中的句子分词处理
2017-06-04 09:55:23,705 - DL.maxSim - INFO - 句子库载入完毕
2017-06-04 09:56:17,554 - DL.maxSim - INFO - 开始载入句子库
2017-06-04 09:56:17,555 - DL.maxSim - INFO - 开始载入词向量
2017-06-04 09:56:17,555 - DL.maxSim - INFO - 链接库中的句子分词处理
2017-06-04 09:56:18,457 - DL.maxSim - INFO - 句子库载入完毕
2017-06-04 09:58:29,247 - DL.maxSim - INFO - 开始载入句子库
2017-06-04 09:58:29,247 - DL.maxSim - INFO - 开始载入词向量
2017-06-04 09:58:29,247 - DL.maxSim - INFO - 链接库中的句子分词处理
2017-06-04 09:58:30,145 - DL.maxSim - INFO - 句子库载入完毕
2017-06-04 09:59:48,954 - DL.maxSim - INFO - 开始载入句子库
2017-06-04 09:59:48,955 - DL.maxSim - INFO - 开始载入词向量
2017-06-04 09:59:48,955 - DL.maxSim - INFO - 链接库中的句子分词处理
2017-06-04 09:59:49,847 - DL.maxSim - INFO - 句子库载入完毕
2017-06-04 10:17:27,775 - DL.maxSim - INFO - 开始载入句子库
2017-06-04 10:17:27,775 - DL.maxSim - INFO - 开始载入词向量
2017-06-04 10:17:27,775 - DL.maxSim - INFO - 链接库中的句子分词处理
2017-06-04 10:17:27,775 - DL.maxSim - INFO - 句子库载入完毕
2017-06-04 10:29:56,215 - DL.maxSim - INFO - 开始载入句子库
2017-06-04 10:29:56,215 - DL.maxSim - INFO - 开始载入词向量
2017-06-04 10:29:56,217 - DL.maxSim - INFO - 链接库中的句子分词处理
2017-06-04 10:29:57,700 - DL.maxSim - INFO - 句子库载入完毕
2017-06-04 10:31:44,544 - DL.maxSim - INFO - 开始载入句子库
2017-06-04 10:31:44,559 - DL.maxSim - INFO - 开始载入词向量
2017-06-04 10:31:44,562 - DL.maxSim - INFO - 链接库中的句子分词处理
2017-06-04 10:31:46,131 - DL.maxSim - INFO - 句子库载入完毕
2017-06-04 10:45:47,635 - DL.maxSim - INFO - 开始载入句子库
2017-06-04 10:45:47,635 - DL.maxSim - INFO - 开始载入词向量
2017-06-04 10:45:47,636 - DL.maxSim - INFO - 链接库中的句子分词处理
2017-06-04 10:45:48,962 - DL.maxSim - INFO - 句子库载入完毕
