2017-05-30 21:27:55,706 - __main__ - INFO - after:
2017-05-30 21:27:57,497 - __main__ - INFO - after:每次都是大家聊蝗好好的突然冲出来个傻逼
2017-05-30 21:27:57,720 - __main__ - INFO - after:
2017-05-30 21:27:59,511 - __main__ - INFO - after:每次都是大家聊蝗好好的突然冲出来个傻逼
2017-05-30 21:27:59,544 - __main__ - INFO - after:楼上的一点时代感也没有一股基佬的气息如何装逼
2017-05-30 21:28:00,414 - __main__ - INFO - after:翼爵上圃瞩隼喇幢氘蔓鹦茸
2017-05-30 21:28:01,519 - __main__ - INFO - after:楼上的一点时代感也没有一股基佬的气息如何装逼
2017-05-30 21:28:01,550 - __main__ - INFO - after:楼上有机会一起陲觉咯愤H
2017-05-30 21:28:02,415 - __main__ - INFO - after:翼爵上圃瞩隼喇幢氘蔓鹦茸
2017-05-30 21:28:02,508 - __main__ - INFO - after:G警察叔叔楼上装逼
2017-05-30 21:28:03,479 - __main__ - INFO - after:糟上撩官麟尤
2017-05-30 21:28:03,539 - __main__ - INFO - after:楼上有机会一起陲觉咯愤H
2017-05-30 21:28:04,305 - __main__ - INFO - after:印望楼上装逼
2017-05-30 21:28:04,495 - __main__ - INFO - after:G警察叔叔楼上装逼
2017-05-30 21:28:04,864 - __main__ - INFO - after:
2017-05-30 21:28:06,741 - __main__ - INFO - after:尽苣我被二狗伤蚩了为1十么我还是很局兴
2017-05-30 21:28:07,312 - __main__ - INFO - after:
2017-05-30 21:28:08,139 - __main__ - INFO - after:日化圃了暴击
2017-05-30 21:28:08,659 - __main__ - INFO - after:
2017-05-30 21:28:09,793 - __main__ - INFO - after:真尼玛活见鬼了
2017-05-30 21:28:11,004 - __main__ - INFO - after:甲黜我的镜片都笑裂了
2017-05-30 21:28:11,502 - __main__ - INFO - after:
2017-05-30 21:28:12,277 - __main__ - INFO - after:再也不想薯句带了
2017-05-30 21:28:13,528 - __main__ - INFO - after:好圃巴好痛善上吊连头都塞不进去
2017-05-30 21:28:14,102 - __main__ - INFO - after:
2017-05-30 21:28:14,619 - __main__ - INFO - after:
2017-05-30 21:28:15,120 - __main__ - INFO - after:
2017-05-30 21:28:15,623 - __main__ - INFO - after:
2017-05-30 21:28:16,131 - __main__ - INFO - after:
2017-05-30 21:28:20,510 - __main__ - INFO - after:汝甚叼令堂知乎圈是什么意申啊你很伟大的蒽W
2017-05-30 21:28:21,016 - __main__ - INFO - after:
2017-05-30 21:28:21,541 - __main__ - INFO - after:
2017-05-30 21:28:23,292 - __main__ - INFO - after:你献脖友的歌如呆这都不复爱看我揍不篇你
2017-05-30 21:28:24,920 - __main__ - INFO - after:请你噶益力多是不是就不蓼我了My二_脲
2017-05-30 21:28:26,600 - __main__ - INFO - after:二班的那群厉毛太器张了我要让他吓出屎了们生不如屎
2017-05-30 21:28:28,095 - __main__ - INFO - after:安静里吵到我王者表药了_獒
2017-05-30 21:28:29,065 - __main__ - INFO - after:吵到我阴阳师了
2017-05-30 21:28:29,796 - __main__ - INFO - after:吵什么想死啊
2017-05-30 21:28:30,309 - __main__ - INFO - after:
2017-05-30 21:28:31,358 - __main__ - INFO - after:吵到我刷暖暖了
2017-05-30 21:28:32,480 - __main__ - INFO - after:噩蓼吵到我打屁股了
2017-05-30 21:28:33,164 - __main__ - INFO - after:巍吵到我学习了
2017-05-30 21:28:33,878 - __main__ - INFO - after:吵到我听歌了
2017-05-30 21:28:34,737 - __main__ - INFO - after:吵到我看老公了
2017-05-30 21:28:35,649 - __main__ - INFO - after:全霸鑫镳上不镳扛瓣
2017-05-30 21:28:36,152 - __main__ - INFO - after:
2017-05-30 21:28:36,884 - __main__ - INFO - after:爱豆主演好期待
2017-05-30 21:28:37,841 - __main__ - INFO - after:天天翼入分鼾臀
2017-05-30 21:28:38,664 - __main__ - INFO - after:二不篇曼删
2017-05-30 21:28:39,175 - __main__ - INFO - after:
2017-05-30 21:28:39,686 - __main__ - INFO - after:
2017-05-30 21:28:40,194 - __main__ - INFO - after:
2017-05-30 21:28:40,889 - __main__ - INFO - after:你帅到宝宝了
2017-05-30 21:28:41,404 - __main__ - INFO - after:
2017-05-30 21:28:41,916 - __main__ - INFO - after:
2017-05-30 21:28:42,585 - __main__ - INFO - after:_刀槽死你
2017-05-30 21:28:43,791 - __main__ - INFO - after:可量朦柬臻没育这么多的钱
2017-05-30 21:28:44,326 - __main__ - INFO - after:
2017-05-30 21:28:44,844 - __main__ - INFO - after:
2017-05-30 21:28:45,358 - __main__ - INFO - after:
2017-05-30 21:28:46,173 - __main__ - INFO - after:甄舅胭友黜
2017-05-30 21:28:46,670 - __main__ - INFO - after:
2017-05-30 21:28:47,575 - __main__ - INFO - after:世间竟有鹦丑磊美的男子
2017-05-30 21:28:48,080 - __main__ - INFO - after:
2017-05-30 21:28:48,578 - __main__ - INFO - after:
2017-05-30 21:28:49,727 - __main__ - INFO - after:罄鲨荃好像支寸宝被掏空
2017-05-30 21:28:50,263 - __main__ - INFO - after:
2017-05-30 21:28:50,988 - __main__ - INFO - after:一口江五镳不鬣气静
2017-05-30 21:28:52,759 - __main__ - INFO - after:鹏只有胎蚓蜀叟宁皮藿芒
2017-05-30 21:28:55,088 - __main__ - INFO - after:鲤妍象节操被掏空
2017-05-30 21:28:55,595 - __main__ - INFO - after:
2017-05-30 21:28:56,559 - __main__ - INFO - after:可以瓢唰的
2017-05-30 21:28:57,319 - __main__ - INFO - after:克寸以买到翼情
2017-05-30 21:28:57,829 - __main__ - INFO - after:
2017-05-30 21:28:58,332 - __main__ - INFO - after:
2017-05-30 21:28:59,508 - __main__ - INFO - after:垄苎荃好像钱包被掏空
2017-05-30 21:29:00,442 - __main__ - INFO - after:沉迷于男色无法自拔
2017-05-30 21:29:01,226 - __main__ - INFO - after:这量_个量夏藁的_
2017-05-30 21:29:01,965 - __main__ - INFO - after:被掏空
2017-05-30 21:29:02,708 - __main__ - INFO - after:怎么鲶这么帅
2017-05-30 21:29:03,245 - __main__ - INFO - after:
2017-05-30 21:29:03,739 - __main__ - INFO - after:
2017-05-30 21:29:05,077 - __main__ - INFO - after:子谱静比寰生还
2017-05-30 21:29:05,934 - __main__ - INFO - after:我就把你拖回豪
2017-05-30 21:29:06,685 - __main__ - INFO - after:熹晕万鲍的
2017-05-30 21:29:07,222 - __main__ - INFO - after:
2017-05-30 21:29:08,029 - __main__ - INFO - after:我的心在荡
2017-05-30 21:29:08,994 - __main__ - INFO - after:二扯上我朋月
2017-05-30 21:29:09,825 - __main__ - INFO - after:镳们惠么说鬣行
2017-05-30 21:29:11,025 - __main__ - INFO - after:垄苎荃好像芽体被淘空
2017-05-30 21:29:11,754 - __main__ - INFO - after:钱可以买到友
2017-05-30 21:29:12,311 - __main__ - INFO - after:
2017-05-30 21:29:13,251 - __main__ - INFO - after:翼菖己霞又_又又青镳静蕙
2017-05-30 21:29:13,794 - __main__ - INFO - after:
2017-05-30 21:29:14,492 - __main__ - INFO - after:镳镳们没关
2017-05-30 21:29:15,024 - __main__ - INFO - after:
2017-05-30 21:29:15,701 - __main__ - INFO - after:祖国的花朵
2017-05-30 21:29:16,408 - __main__ - INFO - after:华夏的L女
2017-05-30 21:29:17,288 - __main__ - INFO - after:我就问你有我厉害吗
2017-05-30 21:29:18,273 - __main__ - INFO - after:而我是龙的传人
2017-05-30 21:29:19,498 - __main__ - INFO - after:你不过是太阳的后裔而已
2017-05-30 21:29:20,207 - __main__ - INFO - after:炎萸的子孙
2017-05-30 21:29:20,913 - __main__ - INFO - after:共产主义的接班人
2017-05-30 21:29:21,638 - __main__ - INFO - after:女娲的后人
2017-05-30 21:29:22,611 - __main__ - INFO - after:食屎了你藿把你厉襄的
2017-05-30 21:29:25,305 - __main__ - INFO - after: 
2017-05-30 21:29:26,986 - __main__ - INFO - after: 每次都是大家聊蝗好好的突然冲出来个傻逼
2017-05-30 21:29:28,903 - __main__ - INFO - after: 楼上的一点时代感也没有一股基佬的气息如何装逼
2017-05-30 21:29:29,700 - __main__ - INFO - after: 翼爵上圃瞩隼喇幢氘蔓鹦茸
2017-05-30 21:29:30,774 - __main__ - INFO - after: 楼上有机会一起陲觉咯愤H
2017-05-30 21:29:31,636 - __main__ - INFO - after: G警察叔叔楼上装逼
2017-05-30 21:29:32,558 - __main__ - INFO - after: 糟上撩官麟尤
2017-05-30 21:29:33,321 - __main__ - INFO - after: 印望楼上装逼
2017-05-30 21:29:33,858 - __main__ - INFO - after: 
2017-05-30 21:29:35,644 - __main__ - INFO - after: 尽苣我被二狗伤蚩了为1十么我还是很局兴
2017-05-30 21:29:36,185 - __main__ - INFO - after: 
2017-05-30 21:29:37,017 - __main__ - INFO - after: 日化圃了暴击
2017-05-30 21:29:37,573 - __main__ - INFO - after: 
2017-05-30 21:29:38,706 - __main__ - INFO - after: 真尼玛活见鬼了
2017-05-30 21:29:39,911 - __main__ - INFO - after: 甲黜我的镜片都笑裂了
2017-05-30 21:29:40,446 - __main__ - INFO - after: 
2017-05-30 21:29:41,277 - __main__ - INFO - after: 再也不想薯句带了
2017-05-30 21:29:54,560 - __main__ - INFO - after: 
2017-05-30 21:29:56,235 - __main__ - INFO - after: 每次都是大家聊蝗好好的突然冲出来个傻逼
2017-05-30 21:29:58,142 - __main__ - INFO - after: 楼上的一点时代感也没有一股基佬的气息如何装逼
2017-05-30 21:29:58,950 - __main__ - INFO - after: 翼爵上圃瞩隼喇幢氘蔓鹦茸
2017-05-30 21:30:00,014 - __main__ - INFO - after: 楼上有机会一起陲觉咯愤H
2017-05-30 21:30:00,860 - __main__ - INFO - after: G警察叔叔楼上装逼
2017-05-30 21:30:01,772 - __main__ - INFO - after: 糟上撩官麟尤
2017-05-30 21:30:02,610 - __main__ - INFO - after: 印望楼上装逼
2017-05-30 21:30:03,143 - __main__ - INFO - after: 
2017-05-30 21:30:04,896 - __main__ - INFO - after: 尽苣我被二狗伤蚩了为1十么我还是很局兴
2017-05-30 21:30:05,395 - __main__ - INFO - after: 
2017-05-30 21:30:06,205 - __main__ - INFO - after: 日化圃了暴击
2017-05-30 21:30:06,734 - __main__ - INFO - after: 
2017-05-30 21:30:07,921 - __main__ - INFO - after: 真尼玛活见鬼了
2017-05-30 21:30:09,096 - __main__ - INFO - after: 甲黜我的镜片都笑裂了
2017-05-30 21:30:09,599 - __main__ - INFO - after: 
2017-05-30 21:30:10,393 - __main__ - INFO - after: 再也不想薯句带了
2017-05-30 21:30:11,725 - __main__ - INFO - after: 好圃巴好痛善上吊连头都塞不进去
2017-05-30 21:30:12,232 - __main__ - INFO - after: 
2017-05-30 21:30:12,726 - __main__ - INFO - after: 
2017-05-30 21:30:13,245 - __main__ - INFO - after: 
2017-05-30 21:30:13,809 - __main__ - INFO - after: 
2017-05-30 21:30:14,324 - __main__ - INFO - after: 
2017-05-30 21:30:18,512 - __main__ - INFO - after: 汝甚叼令堂知乎圈是什么意申啊你很伟大的蒽W
2017-05-30 21:30:19,049 - __main__ - INFO - after: 
2017-05-30 21:30:19,546 - __main__ - INFO - after: 
2017-05-30 21:30:21,227 - __main__ - INFO - after: 你献脖友的歌如呆这都不复爱看我揍不篇你
2017-05-30 21:30:22,830 - __main__ - INFO - after: 请你噶益力多是不是就不蓼我了My二_脲
2017-05-30 21:30:24,506 - __main__ - INFO - after: 二班的那群厉毛太器张了我要让他吓出屎了们生不如屎
2017-05-30 21:30:25,950 - __main__ - INFO - after: 安静里吵到我王者表药了_獒
2017-05-30 21:30:26,875 - __main__ - INFO - after: 吵到我阴阳师了
2017-05-30 21:30:27,685 - __main__ - INFO - after: 吵什么想死啊
2017-05-30 21:30:28,228 - __main__ - INFO - after: 
2017-05-30 21:30:29,301 - __main__ - INFO - after: 吵到我刷暖暖了
2017-05-30 21:30:30,413 - __main__ - INFO - after: 噩蓼吵到我打屁股了
2017-05-30 21:30:31,160 - __main__ - INFO - after: 巍吵到我学习了
2017-05-30 21:30:31,954 - __main__ - INFO - after: 吵到我听歌了
2017-05-30 21:30:32,843 - __main__ - INFO - after: 吵到我看老公了
2017-05-30 21:30:33,736 - __main__ - INFO - after: 全霸鑫镳上不镳扛瓣
2017-05-30 21:30:34,236 - __main__ - INFO - after: 
2017-05-30 21:30:34,964 - __main__ - INFO - after: 爱豆主演好期待
2017-05-30 21:30:35,955 - __main__ - INFO - after: 天天翼入分鼾臀
2017-05-30 21:30:36,767 - __main__ - INFO - after: 二不篇曼删
2017-05-30 21:30:37,289 - __main__ - INFO - after: 
2017-05-30 21:30:37,786 - __main__ - INFO - after: 
2017-05-30 21:30:38,287 - __main__ - INFO - after: 
2017-05-30 21:30:38,981 - __main__ - INFO - after: 你帅到宝宝了
2017-05-30 21:30:39,507 - __main__ - INFO - after: 
2017-05-30 21:30:40,038 - __main__ - INFO - after: 
2017-05-30 21:30:40,756 - __main__ - INFO - after: _刀槽死你
2017-05-30 21:30:42,010 - __main__ - INFO - after: 可量朦柬臻没育这么多的钱
2017-05-30 21:30:42,526 - __main__ - INFO - after: 
2017-05-30 21:30:43,033 - __main__ - INFO - after: 
2017-05-30 21:30:43,543 - __main__ - INFO - after: 
2017-05-30 21:30:44,371 - __main__ - INFO - after: 甄舅胭友黜
2017-05-30 21:30:44,878 - __main__ - INFO - after: 
2017-05-30 21:30:45,754 - __main__ - INFO - after: 世间竟有鹦丑磊美的男子
2017-05-30 21:30:46,251 - __main__ - INFO - after: 
2017-05-30 21:30:46,754 - __main__ - INFO - after: 
2017-05-30 21:30:47,884 - __main__ - INFO - after: 罄鲨荃好像支寸宝被掏空
2017-05-30 21:30:48,456 - __main__ - INFO - after: 
2017-05-30 21:30:49,251 - __main__ - INFO - after: 一口江五镳不鬣气静
2017-05-30 21:30:50,953 - __main__ - INFO - after: 鹏只有胎蚓蜀叟宁皮藿芒
2017-05-30 21:30:53,169 - __main__ - INFO - after: 鲤妍象节操被掏空
2017-05-30 21:30:53,677 - __main__ - INFO - after: 
2017-05-30 21:30:54,617 - __main__ - INFO - after: 可以瓢唰的
2017-05-30 21:30:55,397 - __main__ - INFO - after: 克寸以买到翼情
2017-05-30 21:30:55,921 - __main__ - INFO - after: 
2017-05-30 21:30:56,461 - __main__ - INFO - after: 
2017-05-30 21:30:57,646 - __main__ - INFO - after: 垄苎荃好像钱包被掏空
2017-05-30 21:30:58,596 - __main__ - INFO - after: 沉迷于男色无法自拔
2017-05-30 21:30:59,349 - __main__ - INFO - after: 这量_个量夏藁的_
2017-05-30 21:31:00,090 - __main__ - INFO - after: 被掏空
2017-05-30 21:31:00,785 - __main__ - INFO - after: 怎么鲶这么帅
2017-05-30 21:31:01,275 - __main__ - INFO - after: 
2017-05-30 21:31:01,768 - __main__ - INFO - after: 
2017-05-30 21:31:03,244 - __main__ - INFO - after: 子谱静比寰生还
2017-05-30 21:31:04,105 - __main__ - INFO - after: 我就把你拖回豪
2017-05-30 21:31:04,855 - __main__ - INFO - after: 熹晕万鲍的
2017-05-30 21:31:05,376 - __main__ - INFO - after: 
2017-05-30 21:31:06,144 - __main__ - INFO - after: 我的心在荡
2017-05-30 21:31:07,119 - __main__ - INFO - after: 二扯上我朋月
2017-05-30 21:31:07,952 - __main__ - INFO - after: 镳们惠么说鬣行
2017-05-30 21:31:09,200 - __main__ - INFO - after: 垄苎荃好像芽体被淘空
2017-05-30 21:31:09,879 - __main__ - INFO - after: 钱可以买到友
2017-05-30 21:31:10,395 - __main__ - INFO - after: 
2017-05-30 21:31:11,296 - __main__ - INFO - after: 翼菖己霞又_又又青镳静蕙
2017-05-30 21:31:11,812 - __main__ - INFO - after: 
2017-05-30 21:31:12,521 - __main__ - INFO - after: 镳镳们没关
2017-05-30 21:31:13,035 - __main__ - INFO - after: 
2017-05-30 21:31:13,699 - __main__ - INFO - after: 祖国的花朵
2017-05-30 21:31:14,385 - __main__ - INFO - after: 华夏的L女
2017-05-30 21:31:15,243 - __main__ - INFO - after: 我就问你有我厉害吗
2017-05-30 21:31:16,243 - __main__ - INFO - after: 而我是龙的传人
2017-05-30 21:31:17,401 - __main__ - INFO - after: 你不过是太阳的后裔而已
2017-05-30 21:31:18,096 - __main__ - INFO - after: 炎萸的子孙
2017-05-30 21:31:18,782 - __main__ - INFO - after: 共产主义的接班人
2017-05-30 21:31:19,617 - __main__ - INFO - after: 女娲的后人
2017-05-30 21:31:20,603 - __main__ - INFO - after: 食屎了你藿把你厉襄的
2017-05-30 21:31:23,827 - __main__ - INFO - after: 
2017-05-30 21:31:25,549 - __main__ - INFO - after: 每次都是大家聊蝗好好的突然冲出来个傻逼
2017-05-30 21:31:27,486 - __main__ - INFO - after: 楼上的一点时代感也没有一股基佬的气息如何装逼
2017-05-30 21:31:28,308 - __main__ - INFO - after: 翼爵上圃瞩隼喇幢氘蔓鹦茸
2017-05-30 21:31:29,404 - __main__ - INFO - after: 楼上有机会一起陲觉咯愤H
2017-05-30 21:31:30,286 - __main__ - INFO - after: G警察叔叔楼上装逼
2017-05-30 21:31:31,246 - __main__ - INFO - after: 糟上撩官麟尤
2017-05-30 21:31:32,009 - __main__ - INFO - after: 印望楼上装逼
2017-05-30 21:31:32,549 - __main__ - INFO - after: 
asdf